Unused routes (368):
  pds_syslist#index
  pds_syslist#create
  pds_syslist#new
  pds_syslist#edit
  pds_syslist#show
  pds_syslist#update
  pds_syslist#update
  pds_syslist#destroy
  equipment_panels#index
  equipment_panels#new
  equipment_panels#edit
  equipment_panels#show
  equipment_panels#index
  equipment_panels#new
  equipment_panels#edit
  equipment_panels#show
  equipment_panels#index
  equipment_panels#new
  equipment_panels#edit
  equipment_panels#show
  equipment_panels#index
  equipment_panels#new
  equipment_panels#edit
  equipment_panels#show
  equipment_panels#index
  equipment_panels#new
  equipment_panels#edit
  equipment_panels#show
  equipment_panels#index
  equipment_panels#new
  equipment_panels#edit
  equipment_panels#show
  equipment_panels#index
  equipment_panels#new
  equipment_panels#edit
  equipment_panels#show
  equipment_panels#index
  equipment_panels#new
  equipment_panels#edit
  equipment_panels#show
  equipment_panels#index
  equipment_panels#new
  equipment_panels#edit
  equipment_panels#show
  equipment_panels#index
  equipment_panels#new
  equipment_panels#edit
  equipment_panels#show
  equipment_panels#index
  equipment_panels#new
  equipment_panels#edit
  equipment_panels#show
  equipment_panels#index
  equipment_panels#new
  equipment_panels#edit
  equipment_panels#show
  equipment_panels#index
  equipment_panels#new
  equipment_panels#edit
  equipment_panels#show
  equipment_panels#index
  equipment_panels#new
  equipment_panels#edit
  equipment_panels#show
  equipment_panels#index
  equipment_panels#new
  equipment_panels#edit
  equipment_panels#show
  equipment_panels#index
  equipment_panels#new
  equipment_panels#edit
  equipment_panels#show
  technology_equipment#index
  technology_equipment#new
  technology_equipment#edit
  technology_equipment#show
  technology_equipment#index
  technology_equipment#new
  technology_equipment#edit
  technology_equipment#show
  technology_equipment#index
  technology_equipment#new
  technology_equipment#edit
  technology_equipment#show
  technology_equipment#index
  technology_equipment#new
  technology_equipment#edit
  technology_equipment#show
  technology_equipment#index
  technology_equipment#new
  technology_equipment#edit
  technology_equipment#show
  technology_equipment#index
  technology_equipment#new
  technology_equipment#edit
  technology_equipment#show
  technology_equipment#index
  technology_equipment#new
  technology_equipment#edit
  technology_equipment#show
  technology_equipment#index
  technology_equipment#new
  technology_equipment#edit
  technology_equipment#show
  technology_equipment#index
  technology_equipment#new
  technology_equipment#edit
  technology_equipment#show
  technology_equipment#index
  technology_equipment#new
  technology_equipment#edit
  technology_equipment#show
  technology_equipment#index
  technology_equipment#new
  technology_equipment#edit
  technology_equipment#show
  hardware#index
  hardware#new
  hardware#edit
  hardware#show
  hardware#index
  hardware#new
  hardware#edit
  hardware#show
  hardware#index
  hardware#new
  hardware#edit
  hardware#show
  hardware#index
  hardware#new
  hardware#edit
  hardware#show
  hardware#index
  hardware#new
  hardware#edit
  hardware#show
  hardware#index
  hardware#new
  hardware#edit
  hardware#show
  hardware#index
  hardware#new
  hardware#edit
  hardware#show
  hardware#index
  hardware#new
  hardware#edit
  hardware#show
  display_systems#index
  display_systems#new
  display_systems#edit
  display_systems#show
  display_systems#index
  display_systems#new
  display_systems#edit
  display_systems#show
  display_systems#index
  display_systems#new
  display_systems#edit
  display_systems#show
  electric_equipment#index
  electric_equipment#new
  electric_equipment#edit
  electric_equipment#show
  electric_equipment#index
  electric_equipment#new
  electric_equipment#edit
  electric_equipment#show
  electric_equipment#index
  electric_equipment#new
  electric_equipment#edit
  electric_equipment#show
  remotes#index
  remotes#new
  remotes#edit
  remotes#show
  remotes#index
  remotes#new
  remotes#edit
  remotes#show
  remotes#index
  remotes#new
  remotes#edit
  remotes#show
  project_settings#index
  project_settings#new
  project_settings#edit
  project_settings#show
  project_settings#index
  project_settings#new
  project_settings#edit
  project_settings#show
  project_settings#index
  project_settings#new
  project_settings#edit
  project_settings#show
  project_settings#index
  project_settings#new
  project_settings#edit
  project_settings#show
  project_settings#index
  project_settings#new
  project_settings#edit
  project_settings#show
  project_settings#index
  project_settings#new
  project_settings#edit
  project_settings#show
  project_settings#index
  project_settings#new
  project_settings#edit
  project_settings#show
  project_settings#index
  project_settings#new
  project_settings#edit
  project_settings#show
  project_settings#pds_queries
  project_settings#index
  project_settings#new
  project_settings#edit
  project_settings#show
  project_settings#index
  project_settings#new
  project_settings#edit
  project_settings#show
  project_settings#pds_drs
  project_settings#index
  project_settings#new
  project_settings#edit
  project_settings#show
  project_settings#pds_mathmodels
  project_settings#index
  project_settings#new
  project_settings#edit
  project_settings#show
  service#index
  service#new
  service#edit
  service#show
  service#index
  service#new
  service#edit
  service#show
  service#index
  service#new
  service#edit
  service#show
  service#index
  service#new
  service#edit
  service#show
  service#index
  service#new
  service#edit
  service#show
  service#index
  service#new
  service#edit
  service#show
  service#index
  service#new
  service#edit
  service#show
  service#index
  service#new
  service#edit
  service#show
  service#index
  service#new
  service#edit
  service#show
  service#index
  service#new
  service#edit
  service#show
  service#index
  service#new
  service#edit
  service#show
  service#index
  service#new
  service#edit
  service#show
  service#index
  service#new
  service#edit
  service#show
  service#index
  service#new
  service#edit
  service#show
  service#index
  service#new
  service#edit
  service#show
  service#index
  service#new
  service#edit
  service#show
  service#index
  service#new
  service#edit
  service#show
  service#index
  service#new
  service#edit
  service#show
  service#index
  service#new
  service#edit
  service#show
  service#index
  service#new
  service#edit
  service#show
  service#index
  service#new
  service#edit
  service#show
  service#index
  service#new
  service#edit
  service#show
  service#index
  service#new
  service#edit
  service#show
  service#index
  service#new
  service#edit
  service#show
  service#index
  service#new
  service#edit
  service#show
  service#index
  service#new
  service#edit
  service#show
  service#index
  service#new
  service#edit
  service#show
  service#index
  service#new
  service#edit
  service#show
  service#index
  service#new
  service#edit
  service#show
  service#index
  service#new
  service#edit
  service#show
  tablelist#index
  tablelist#create
  tablelist#new
  tablelist#edit
  tablelist#show
  tablelist#update
  tablelist#update
  tablelist#destroy
  select_builders#edit
  select_builders#show
  select_builders#update
  select_builders#update
  select_builders#destroy
Unreachable action methods (669):
  application#policy
  application#authorize
  application#policy_scope
  application#pundit_user
  application#policies
  application#policy_scopes
  application#verify_authorized
  application#verify_policy_scoped
  application#permitted_attributes
  application#skip_authorization
  application#skip_policy_scope
  application#pundit_policy_authorized?
  application#pundit_policy_scoped?
  application#after_sign_in_path_for
  base#update
  base#create
  base#destroy
  base#title
  base#lt
  base#model
  base#model_class
  base#mt
  base#model_path
  base#hash_model_name
  base#policy
  base#authorize
  base#policy_scope
  base#pundit_user
  base#policies
  base#policy_scopes
  base#verify_authorized
  base#verify_policy_scoped
  base#permitted_attributes
  base#skip_authorization
  base#skip_policy_scope
  base#pundit_policy_authorized?
  base#pundit_policy_scoped?
  general#index_view
  general#title
  general#lt
  general#model
  general#model_class
  general#mt
  general#model_path
  general#hash_model_name
  general#policy
  general#authorize
  general#policy_scope
  general#pundit_user
  general#policies
  general#policy_scopes
  general#verify_authorized
  general#verify_policy_scoped
  general#permitted_attributes
  general#skip_authorization
  general#skip_policy_scope
  general#pundit_policy_authorized?
  general#pundit_policy_scoped?
  import#title
  import#lt
  import#model
  import#model_class
  import#mt
  import#model_path
  import#hash_model_name
  import#policy
  import#authorize
  import#policy_scope
  import#pundit_user
  import#policies
  import#policy_scopes
  import#verify_authorized
  import#verify_policy_scoped
  import#permitted_attributes
  import#skip_authorization
  import#skip_policy_scope
  import#pundit_policy_authorized?
  import#pundit_policy_scoped?
  mass_operations#title
  mass_operations#lt
  mass_operations#model
  mass_operations#model_class
  mass_operations#mt
  mass_operations#model_path
  mass_operations#hash_model_name
  mass_operations#policy
  mass_operations#authorize
  mass_operations#policy_scope
  mass_operations#pundit_user
  mass_operations#policies
  mass_operations#policy_scopes
  mass_operations#verify_authorized
  mass_operations#verify_policy_scoped
  mass_operations#permitted_attributes
  mass_operations#skip_authorization
  mass_operations#skip_policy_scope
  mass_operations#pundit_policy_authorized?
  mass_operations#pundit_policy_scoped?
  pds_projects#update
  pds_projects#create
  pds_projects#destroy
  pds_projects#policy
  pds_projects#authorize
  pds_projects#policy_scope
  pds_projects#pundit_user
  pds_projects#policies
  pds_projects#policy_scopes
  pds_projects#verify_authorized
  pds_projects#verify_policy_scoped
  pds_projects#permitted_attributes
  pds_projects#skip_authorization
  pds_projects#skip_policy_scope
  pds_projects#pundit_policy_authorized?
  pds_projects#pundit_policy_scoped?
  select_builders#policy
  select_builders#authorize
  select_builders#policy_scope
  select_builders#pundit_user
  select_builders#policies
  select_builders#policy_scopes
  select_builders#verify_authorized
  select_builders#verify_policy_scoped
  select_builders#permitted_attributes
  select_builders#skip_authorization
  select_builders#skip_policy_scope
  select_builders#pundit_policy_authorized?
  select_builders#pundit_policy_scoped?
  selectors/hw_devtypes#policy
  selectors/hw_devtypes#authorize
  selectors/hw_devtypes#policy_scope
  selectors/hw_devtypes#pundit_user
  selectors/hw_devtypes#policies
  selectors/hw_devtypes#policy_scopes
  selectors/hw_devtypes#verify_authorized
  selectors/hw_devtypes#verify_policy_scoped
  selectors/hw_devtypes#permitted_attributes
  selectors/hw_devtypes#skip_authorization
  selectors/hw_devtypes#skip_policy_scope
  selectors/hw_devtypes#pundit_policy_authorized?
  selectors/hw_devtypes#pundit_policy_scoped?
  selectors/hw_ics#policy
  selectors/hw_ics#authorize
  selectors/hw_ics#policy_scope
  selectors/hw_ics#pundit_user
  selectors/hw_ics#policies
  selectors/hw_ics#policy_scopes
  selectors/hw_ics#verify_authorized
  selectors/hw_ics#verify_policy_scoped
  selectors/hw_ics#permitted_attributes
  selectors/hw_ics#skip_authorization
  selectors/hw_ics#skip_policy_scope
  selectors/hw_ics#pundit_policy_authorized?
  selectors/hw_ics#pundit_policy_scoped?
  selectors/hw_iosignaldefs#policy
  selectors/hw_iosignaldefs#authorize
  selectors/hw_iosignaldefs#policy_scope
  selectors/hw_iosignaldefs#pundit_user
  selectors/hw_iosignaldefs#policies
  selectors/hw_iosignaldefs#policy_scopes
  selectors/hw_iosignaldefs#verify_authorized
  selectors/hw_iosignaldefs#verify_policy_scoped
  selectors/hw_iosignaldefs#permitted_attributes
  selectors/hw_iosignaldefs#skip_authorization
  selectors/hw_iosignaldefs#skip_policy_scope
  selectors/hw_iosignaldefs#pundit_policy_authorized?
  selectors/hw_iosignaldefs#pundit_policy_scoped?
  selectors/hw_peds#policy
  selectors/hw_peds#authorize
  selectors/hw_peds#policy_scope
  selectors/hw_peds#pundit_user
  selectors/hw_peds#policies
  selectors/hw_peds#policy_scopes
  selectors/hw_peds#verify_authorized
  selectors/hw_peds#verify_policy_scoped
  selectors/hw_peds#permitted_attributes
  selectors/hw_peds#skip_authorization
  selectors/hw_peds#skip_policy_scope
  selectors/hw_peds#pundit_policy_authorized?
  selectors/hw_peds#pundit_policy_scoped?
  selectors/pds_detectors#policy
  selectors/pds_detectors#authorize
  selectors/pds_detectors#policy_scope
  selectors/pds_detectors#pundit_user
  selectors/pds_detectors#policies
  selectors/pds_detectors#policy_scopes
  selectors/pds_detectors#verify_authorized
  selectors/pds_detectors#verify_policy_scoped
  selectors/pds_detectors#permitted_attributes
  selectors/pds_detectors#skip_authorization
  selectors/pds_detectors#skip_policy_scope
  selectors/pds_detectors#pundit_policy_authorized?
  selectors/pds_detectors#pundit_policy_scoped?
  selectors/pds_documentations#policy
  selectors/pds_documentations#authorize
  selectors/pds_documentations#policy_scope
  selectors/pds_documentations#pundit_user
  selectors/pds_documentations#policies
  selectors/pds_documentations#policy_scopes
  selectors/pds_documentations#verify_authorized
  selectors/pds_documentations#verify_policy_scoped
  selectors/pds_documentations#permitted_attributes
  selectors/pds_documentations#skip_authorization
  selectors/pds_documentations#skip_policy_scope
  selectors/pds_documentations#pundit_policy_authorized?
  selectors/pds_documentations#pundit_policy_scoped?
  selectors/pds_engineers#policy
  selectors/pds_engineers#authorize
  selectors/pds_engineers#policy_scope
  selectors/pds_engineers#pundit_user
  selectors/pds_engineers#policies
  selectors/pds_engineers#policy_scopes
  selectors/pds_engineers#verify_authorized
  selectors/pds_engineers#verify_policy_scoped
  selectors/pds_engineers#permitted_attributes
  selectors/pds_engineers#skip_authorization
  selectors/pds_engineers#skip_policy_scope
  selectors/pds_engineers#pundit_policy_authorized?
  selectors/pds_engineers#pundit_policy_scoped?
  selectors/pds_equips#policy
  selectors/pds_equips#authorize
  selectors/pds_equips#policy_scope
  selectors/pds_equips#pundit_user
  selectors/pds_equips#policies
  selectors/pds_equips#policy_scopes
  selectors/pds_equips#verify_authorized
  selectors/pds_equips#verify_policy_scoped
  selectors/pds_equips#permitted_attributes
  selectors/pds_equips#skip_authorization
  selectors/pds_equips#skip_policy_scope
  selectors/pds_equips#pundit_policy_authorized?
  selectors/pds_equips#pundit_policy_scoped?
  selectors/pds_man_equips#policy
  selectors/pds_man_equips#authorize
  selectors/pds_man_equips#policy_scope
  selectors/pds_man_equips#pundit_user
  selectors/pds_man_equips#policies
  selectors/pds_man_equips#policy_scopes
  selectors/pds_man_equips#verify_authorized
  selectors/pds_man_equips#verify_policy_scoped
  selectors/pds_man_equips#permitted_attributes
  selectors/pds_man_equips#skip_authorization
  selectors/pds_man_equips#skip_policy_scope
  selectors/pds_man_equips#pundit_policy_authorized?
  selectors/pds_man_equips#pundit_policy_scoped?
  selectors/pds_motor_types#policy
  selectors/pds_motor_types#authorize
  selectors/pds_motor_types#policy_scope
  selectors/pds_motor_types#pundit_user
  selectors/pds_motor_types#policies
  selectors/pds_motor_types#policy_scopes
  selectors/pds_motor_types#verify_authorized
  selectors/pds_motor_types#verify_policy_scoped
  selectors/pds_motor_types#permitted_attributes
  selectors/pds_motor_types#skip_authorization
  selectors/pds_motor_types#skip_policy_scope
  selectors/pds_motor_types#pundit_policy_authorized?
  selectors/pds_motor_types#pundit_policy_scoped?
  selectors/pds_panels#policy
  selectors/pds_panels#authorize
  selectors/pds_panels#policy_scope
  selectors/pds_panels#pundit_user
  selectors/pds_panels#policies
  selectors/pds_panels#policy_scopes
  selectors/pds_panels#verify_authorized
  selectors/pds_panels#verify_policy_scoped
  selectors/pds_panels#permitted_attributes
  selectors/pds_panels#skip_authorization
  selectors/pds_panels#skip_policy_scope
  selectors/pds_panels#pundit_policy_authorized?
  selectors/pds_panels#pundit_policy_scoped?
  selectors/pds_project_units#policy
  selectors/pds_project_units#authorize
  selectors/pds_project_units#policy_scope
  selectors/pds_project_units#pundit_user
  selectors/pds_project_units#policies
  selectors/pds_project_units#policy_scopes
  selectors/pds_project_units#verify_authorized
  selectors/pds_project_units#verify_policy_scoped
  selectors/pds_project_units#permitted_attributes
  selectors/pds_project_units#skip_authorization
  selectors/pds_project_units#skip_policy_scope
  selectors/pds_project_units#pundit_policy_authorized?
  selectors/pds_project_units#pundit_policy_scoped?
  selectors/pds_section_assemblers#policy
  selectors/pds_section_assemblers#authorize
  selectors/pds_section_assemblers#policy_scope
  selectors/pds_section_assemblers#pundit_user
  selectors/pds_section_assemblers#policies
  selectors/pds_section_assemblers#policy_scopes
  selectors/pds_section_assemblers#verify_authorized
  selectors/pds_section_assemblers#verify_policy_scoped
  selectors/pds_section_assemblers#permitted_attributes
  selectors/pds_section_assemblers#skip_authorization
  selectors/pds_section_assemblers#skip_policy_scope
  selectors/pds_section_assemblers#pundit_policy_authorized?
  selectors/pds_section_assemblers#pundit_policy_scoped?
  selectors/pds_syslists#policy
  selectors/pds_syslists#authorize
  selectors/pds_syslists#policy_scope
  selectors/pds_syslists#pundit_user
  selectors/pds_syslists#policies
  selectors/pds_syslists#policy_scopes
  selectors/pds_syslists#verify_authorized
  selectors/pds_syslists#verify_policy_scoped
  selectors/pds_syslists#permitted_attributes
  selectors/pds_syslists#skip_authorization
  selectors/pds_syslists#skip_policy_scope
  selectors/pds_syslists#pundit_policy_authorized?
  selectors/pds_syslists#pundit_policy_scoped?
  selectors/pds_units#policy
  selectors/pds_units#authorize
  selectors/pds_units#policy_scope
  selectors/pds_units#pundit_user
  selectors/pds_units#policies
  selectors/pds_units#policy_scopes
  selectors/pds_units#verify_authorized
  selectors/pds_units#verify_policy_scoped
  selectors/pds_units#permitted_attributes
  selectors/pds_units#skip_authorization
  selectors/pds_units#skip_policy_scope
  selectors/pds_units#pundit_policy_authorized?
  selectors/pds_units#pundit_policy_scoped?
  pds_valves#index
  pds_valves#show
  pds_valves#policy
  pds_valves#authorize
  pds_valves#policy_scope
  pds_valves#pundit_user
  pds_valves#policies
  pds_valves#policy_scopes
  pds_valves#verify_authorized
  pds_valves#verify_policy_scoped
  pds_valves#permitted_attributes
  pds_valves#skip_authorization
  pds_valves#skip_policy_scope
  pds_valves#pundit_policy_authorized?
  pds_valves#pundit_policy_scoped?
  selectors/sd_sys_numbs#policy
  selectors/sd_sys_numbs#authorize
  selectors/sd_sys_numbs#policy_scope
  selectors/sd_sys_numbs#pundit_user
  selectors/sd_sys_numbs#policies
  selectors/sd_sys_numbs#policy_scopes
  selectors/sd_sys_numbs#verify_authorized
  selectors/sd_sys_numbs#verify_policy_scoped
  selectors/sd_sys_numbs#permitted_attributes
  selectors/sd_sys_numbs#skip_authorization
  selectors/sd_sys_numbs#skip_policy_scope
  selectors/sd_sys_numbs#pundit_policy_authorized?
  selectors/sd_sys_numbs#pundit_policy_scoped?
  tblbinaries#new
  tblbinaries#index
  tblbinaries#update
  tblbinaries#create
  tblbinaries#show
  tblbinaries#edit
  tblbinaries#destroy
  tblbinaries#policy
  tblbinaries#authorize
  tblbinaries#policy_scope
  tblbinaries#pundit_user
  tblbinaries#policies
  tblbinaries#policy_scopes
  tblbinaries#verify_authorized
  tblbinaries#verify_policy_scoped
  tblbinaries#permitted_attributes
  tblbinaries#skip_authorization
  tblbinaries#skip_policy_scope
  tblbinaries#pundit_policy_authorized?
  tblbinaries#pundit_policy_scoped?
  devise#policy
  devise#authorize
  devise#policy_scope
  devise#pundit_user
  devise#policies
  devise#policy_scopes
  devise#verify_authorized
  devise#verify_policy_scoped
  devise#permitted_attributes
  devise#skip_authorization
  devise#skip_policy_scope
  devise#pundit_policy_authorized?
  devise#pundit_policy_scoped?
  devise#_prefixes
  users#policy
  users#authorize
  users#policy_scope
  users#pundit_user
  users#policies
  users#policy_scopes
  users#verify_authorized
  users#verify_policy_scoped
  users#permitted_attributes
  users#skip_authorization
  users#skip_policy_scope
  users#pundit_policy_authorized?
  users#pundit_policy_scoped?
  equipment_panels#title
  equipment_panels#lt
  equipment_panels#model
  equipment_panels#model_class
  equipment_panels#mt
  equipment_panels#model_path
  equipment_panels#hash_model_name
  equipment_panels#policy
  equipment_panels#authorize
  equipment_panels#policy_scope
  equipment_panels#pundit_user
  equipment_panels#policies
  equipment_panels#policy_scopes
  equipment_panels#verify_authorized
  equipment_panels#verify_policy_scoped
  equipment_panels#permitted_attributes
  equipment_panels#skip_authorization
  equipment_panels#skip_policy_scope
  equipment_panels#pundit_policy_authorized?
  equipment_panels#pundit_policy_scoped?
  technology_equipment#table_header
  technology_equipment#title
  technology_equipment#lt
  technology_equipment#model
  technology_equipment#model_class
  technology_equipment#mt
  technology_equipment#model_path
  technology_equipment#hash_model_name
  technology_equipment#policy
  technology_equipment#authorize
  technology_equipment#policy_scope
  technology_equipment#pundit_user
  technology_equipment#policies
  technology_equipment#policy_scopes
  technology_equipment#verify_authorized
  technology_equipment#verify_policy_scoped
  technology_equipment#permitted_attributes
  technology_equipment#skip_authorization
  technology_equipment#skip_policy_scope
  technology_equipment#pundit_policy_authorized?
  technology_equipment#pundit_policy_scoped?
  hardware#table_header
  hardware#title
  hardware#lt
  hardware#model
  hardware#model_class
  hardware#mt
  hardware#model_path
  hardware#hash_model_name
  hardware#policy
  hardware#authorize
  hardware#policy_scope
  hardware#pundit_user
  hardware#policies
  hardware#policy_scopes
  hardware#verify_authorized
  hardware#verify_policy_scoped
  hardware#permitted_attributes
  hardware#skip_authorization
  hardware#skip_policy_scope
  hardware#pundit_policy_authorized?
  hardware#pundit_policy_scoped?
  display_systems#table_header
  display_systems#title
  display_systems#lt
  display_systems#model
  display_systems#model_class
  display_systems#mt
  display_systems#model_path
  display_systems#hash_model_name
  display_systems#policy
  display_systems#authorize
  display_systems#policy_scope
  display_systems#pundit_user
  display_systems#policies
  display_systems#policy_scopes
  display_systems#verify_authorized
  display_systems#verify_policy_scoped
  display_systems#permitted_attributes
  display_systems#skip_authorization
  display_systems#skip_policy_scope
  display_systems#pundit_policy_authorized?
  display_systems#pundit_policy_scoped?
  electric_equipment#table_header
  electric_equipment#title
  electric_equipment#lt
  electric_equipment#model
  electric_equipment#model_class
  electric_equipment#mt
  electric_equipment#model_path
  electric_equipment#hash_model_name
  electric_equipment#policy
  electric_equipment#authorize
  electric_equipment#policy_scope
  electric_equipment#pundit_user
  electric_equipment#policies
  electric_equipment#policy_scopes
  electric_equipment#verify_authorized
  electric_equipment#verify_policy_scoped
  electric_equipment#permitted_attributes
  electric_equipment#skip_authorization
  electric_equipment#skip_policy_scope
  electric_equipment#pundit_policy_authorized?
  electric_equipment#pundit_policy_scoped?
  remotes#title
  remotes#lt
  remotes#model
  remotes#model_class
  remotes#mt
  remotes#model_path
  remotes#hash_model_name
  remotes#policy
  remotes#authorize
  remotes#policy_scope
  remotes#pundit_user
  remotes#policies
  remotes#policy_scopes
  remotes#verify_authorized
  remotes#verify_policy_scoped
  remotes#permitted_attributes
  remotes#skip_authorization
  remotes#skip_policy_scope
  remotes#pundit_policy_authorized?
  remotes#pundit_policy_scoped?
  project_settings#title
  project_settings#lt
  project_settings#model
  project_settings#model_class
  project_settings#mt
  project_settings#model_path
  project_settings#hash_model_name
  project_settings#policy
  project_settings#authorize
  project_settings#policy_scope
  project_settings#pundit_user
  project_settings#policies
  project_settings#policy_scopes
  project_settings#verify_authorized
  project_settings#verify_policy_scoped
  project_settings#permitted_attributes
  project_settings#skip_authorization
  project_settings#skip_policy_scope
  project_settings#pundit_policy_authorized?
  project_settings#pundit_policy_scoped?
  service#table_header
  service#title
  service#lt
  service#model
  service#model_class
  service#mt
  service#model_path
  service#hash_model_name
  service#policy
  service#authorize
  service#policy_scope
  service#pundit_user
  service#policies
  service#policy_scopes
  service#verify_authorized
  service#verify_policy_scoped
  service#permitted_attributes
  service#skip_authorization
  service#skip_policy_scope
  service#pundit_policy_authorized?
  service#pundit_policy_scoped?
  devise/sessions#new
  devise/sessions#create
  devise/sessions#destroy
  devise/sessions#policy
  devise/sessions#authorize
  devise/sessions#policy_scope
  devise/sessions#pundit_user
  devise/sessions#policies
  devise/sessions#policy_scopes
  devise/sessions#verify_authorized
  devise/sessions#verify_policy_scoped
  devise/sessions#permitted_attributes
  devise/sessions#skip_authorization
  devise/sessions#skip_policy_scope
  devise/sessions#pundit_policy_authorized?
  devise/sessions#pundit_policy_scoped?
  devise/confirmations#new
  devise/confirmations#create
  devise/confirmations#show
  devise/confirmations#policy
  devise/confirmations#authorize
  devise/confirmations#policy_scope
  devise/confirmations#pundit_user
  devise/confirmations#policies
  devise/confirmations#policy_scopes
  devise/confirmations#verify_authorized
  devise/confirmations#verify_policy_scoped
  devise/confirmations#permitted_attributes
  devise/confirmations#skip_authorization
  devise/confirmations#skip_policy_scope
  devise/confirmations#pundit_policy_authorized?
  devise/confirmations#pundit_policy_scoped?
  devise/omniauth_callbacks#failure
  devise/omniauth_callbacks#passthru
  devise/omniauth_callbacks#policy
  devise/omniauth_callbacks#authorize
  devise/omniauth_callbacks#policy_scope
  devise/omniauth_callbacks#pundit_user
  devise/omniauth_callbacks#policies
  devise/omniauth_callbacks#policy_scopes
  devise/omniauth_callbacks#verify_authorized
  devise/omniauth_callbacks#verify_policy_scoped
  devise/omniauth_callbacks#permitted_attributes
  devise/omniauth_callbacks#skip_authorization
  devise/omniauth_callbacks#skip_policy_scope
  devise/omniauth_callbacks#pundit_policy_authorized?
  devise/omniauth_callbacks#pundit_policy_scoped?
  devise/passwords#new
  devise/passwords#update
  devise/passwords#create
  devise/passwords#edit
  devise/passwords#policy
  devise/passwords#authorize
  devise/passwords#policy_scope
  devise/passwords#pundit_user
  devise/passwords#policies
  devise/passwords#policy_scopes
  devise/passwords#verify_authorized
  devise/passwords#verify_policy_scoped
  devise/passwords#permitted_attributes
  devise/passwords#skip_authorization
  devise/passwords#skip_policy_scope
  devise/passwords#pundit_policy_authorized?
  devise/passwords#pundit_policy_scoped?
  devise/registrations#policy
  devise/registrations#authorize
  devise/registrations#policy_scope
  devise/registrations#pundit_user
  devise/registrations#policies
  devise/registrations#policy_scopes
  devise/registrations#verify_authorized
  devise/registrations#verify_policy_scoped
  devise/registrations#permitted_attributes
  devise/registrations#skip_authorization
  devise/registrations#skip_policy_scope
  devise/registrations#pundit_policy_authorized?
  devise/registrations#pundit_policy_scoped?
  devise/unlocks#new
  devise/unlocks#create
  devise/unlocks#show
  devise/unlocks#policy
  devise/unlocks#authorize
  devise/unlocks#policy_scope
  devise/unlocks#pundit_user
  devise/unlocks#policies
  devise/unlocks#policy_scopes
  devise/unlocks#verify_authorized
  devise/unlocks#verify_policy_scoped
  devise/unlocks#permitted_attributes
  devise/unlocks#skip_authorization
  devise/unlocks#skip_policy_scope
  devise/unlocks#pundit_policy_authorized?
  devise/unlocks#pundit_policy_scoped?
  users/sessions#configure_permitted_parameters
  users/sessions#policy
  users/sessions#authorize
  users/sessions#policy_scope
  users/sessions#pundit_user
  users/sessions#policies
  users/sessions#policy_scopes
  users/sessions#verify_authorized
  users/sessions#verify_policy_scoped
  users/sessions#permitted_attributes
  users/sessions#skip_authorization
  users/sessions#skip_policy_scope
  users/sessions#pundit_policy_authorized?
  users/sessions#pundit_policy_scoped?
