Arguments: 
  /usr/bin/node /usr/share/yarn/bin/yarn.js install --no-progress

PATH: 
  /usr/share/rvm/gems/ruby-2.4.1/bin:/usr/share/rvm/gems/ruby-2.4.1@global/bin:/usr/share/rvm/rubies/ruby-2.4.1/bin:/usr/local/sbin:/usr/local/bin:/usr/sbin:/usr/bin:/sbin:/bin:/usr/games:/usr/local/games:/snap/bin:/usr/share/rvm/bin

Yarn version: 
  1.12.1

Node version: 
  9.11.1

Platform: 
  linux x64

Trace: 
  Error: EACCES: permission denied, mkdir '/home/developer/work/fss_base/node_modules/define-property/node_modules/kind-of'

npm manifest: 
  {
    "name": "fss_db",
    "version": "2018.05.24",
    "dependencies": {
      "@babel/cli": "^7.1.5",
      "@babel/core": "^7.1.5",
      "@babel/plugin-proposal-class-properties": "^7.1.0",
      "@babel/preset-env": "^7.1.5",
      "@babel/preset-react": "^7.0.0",
      "babelify": "^10.0.0",
      "browserify": "^16.2.3",
      "browserify-incremental": ">=3.1.1",
      "create-react-class": "^15.6.3",
      "lodash": "^4.17.11",
      "prop-types": "^15.6.2",
      "react": "^15.6.2",
      "react-dom": "^15.6.2",
      "react-localstorage": "^1.0.0",
      "react-modal": "^3.6.1",
      "react-pagify": "^2.4.0",
      "react-redux": "^5.1.0",
      "react-select": "^1.3.0",
      "react-virtualized-select": "^3.1.3",
      "react-visibility-toggles": "^1.2.0",
      "reactabular": "0.14.2",
      "reactabular-sticky": "^8.14.0",
      "reactabular-table": "^8.14.0",
      "reactabular-virtualized": "^8.16.1",
      "redux": "^4.0.1",
      "segmentize": ">=0.4.1",
      "sortabular": "^1.6.0",
      "table-resolver": "^4.1.1",
      "title-case": ">=2.1.1",
      "treetabular": "^3.5.1",
      "underscore": "^1.9.1",
      "xlsx": "^0.14.0"
    },
    "license": "MIT",
    "engines": {
      "node": ">= 0.10"
    },
    "browserify": {
      "transform": [
        [
          "babelify",
          {
            "presets": [
              "@babel/react",
              "@babel/env"
            ],
            "plugins": [
              "@babel/plugin-proposal-class-properties"
            ]
          }
        ]
      ]
    },
    "devDependencies": {
      "acorn": "^6.0.4",
      "acorn-jsx": "^5.0.0",
      "babel-eslint": "^10.0.1",
      "eslint": "^5.8.0",
      "eslint-config-airbnb": "^17.1.0",
      "eslint-plugin-import": "^2.14.0",
      "eslint-plugin-jsx-a11y": "^6.1.2",
      "eslint-plugin-react": "^7.11.1"
    },
    "scripts": {
      "build": "babel ./app/assets/javascripts/selectors -d babel"
    }
  }

yarn manifest: 
  No manifest

Lockfile: 
  No lockfile
